<?xml version="1.0" encoding="UTF-8"?>
<!-- Generated by org.testng.reporters.JUnitReportReporter -->
<testsuite hostname="DESKTOP-B5I24BV" failures="0" tests="1" name="testCases.TC002_LoginTest" time="2.187" errors="0" timestamp="2025-01-20T11:16:29 IST" skipped="0">
  <testcase classname="testCases.TC002_LoginTest" name="verifyLogin" time="2.187"/>
</testsuite> <!-- testCases.TC002_LoginTest -->
