<?xml version="1.0" encoding="UTF-8"?>
<!-- Generated by org.testng.reporters.JUnitReportReporter -->
<testsuite hostname="DESKTOP-B5I24BV" failures="0" tests="1" name="testCases.TC001_AccountRegistationTest" time="1.584" errors="0" timestamp="2025-01-19T19:29:12 IST" skipped="0">
  <testcase classname="testCases.TC001_AccountRegistationTest" name="verify_account_registation" time="1.584"/>
</testsuite> <!-- testCases.TC001_AccountRegistationTest -->
